# JRE version: OpenJDK Runtime Environment Temurin-17.0.6+10 (17.0.6+10) (build 17.0.6+10)
# Java VM: OpenJDK 64-Bit Server VM Temurin-17.0.6+10 (17.0.6+10, mixed mode, emulated-client, tiered, compressed oops, compressed class ptrs, g1 gc, windows-amd64)
GC Precious Log:
 CPUs: 8 total, 8 available
 Memory: 12119M
 Large Page Support: Disabled
 NUMA Support: Disabled
 Compressed Oops: Enabled (32-bit)
 Heap Region Size: 1M
 Heap Min Capacity: 8M
 Heap Initial Capacity: 190M
 Heap Max Capacity: 1G
 Pre-touch: Disabled
 Parallel Workers: 8
 Concurrent Workers: 2
 Concurrent Refinement Workers: 8
 Periodic GC: Disabled
Heap:
 garbage-first heap   total 277504K, used 84812K [0x00000000c0000000, 0x0000000100000000)
  region size 1024K, 1 young (1024K), 0 survivors (0K)
 Metaspace       used 70825K, committed 71360K, reserved 1114112K
  class space    used 9677K, committed 9920K, reserved 1048576K
GC Heap History (20 events):
Event: 4693.786 GC heap before
{Heap before GC invocations=304 (full 183):
 garbage-first heap   total 277504K, used 84812K [0x00000000c0000000, 0x0000000100000000)
  region size 1024K, 1 young (1024K), 0 survivors (0K)
 Metaspace       used 70825K, committed 71360K, reserved 1114112K
  class space    used 9677K, committed 9920K, reserved 1048576K
}
Event: 4693.866 GC heap after
{Heap after GC invocations=305 (full 184):
 garbage-first heap   total 277504K, used 84812K [0x00000000c0000000, 0x0000000100000000)
  region size 1024K, 0 young (0K), 0 survivors (0K)
 Metaspace       used 70825K, committed 71360K, reserved 1114112K
  class space    used 9677K, committed 9920K, reserved 1048576K
}
Event: 4703.999 GC heap before
{Heap before GC invocations=305 (full 184):
 garbage-first heap   total 277504K, used 84812K [0x00000000c0000000, 0x0000000100000000)
  region size 1024K, 1 young (1024K), 0 survivors (0K)
 Metaspace       used 70825K, committed 71360K, reserved 1114112K
  class space    used 9677K, committed 9920K, reserved 1048576K
}
Event: 4704.124 GC heap after
{Heap after GC invocations=306 (full 185):
 garbage-first heap   total 277504K, used 84812K [0x00000000c0000000, 0x0000000100000000)
  region size 1024K, 0 young (0K), 0 survivors (0K)
 Metaspace       used 70825K, committed 71360K, reserved 1114112K
  class space    used 9677K, committed 9920K, reserved 1048576K
}
Event: 4714.211 GC heap before
{Heap before GC invocations=306 (full 185):
 garbage-first heap   total 277504K, used 84812K [0x00000000c0000000, 0x0000000100000000)
  region size 1024K, 1 young (1024K), 0 survivors (0K)
 Metaspace       used 70825K, committed 71360K, reserved 1114112K
  class space    used 9677K, committed 9920K, reserved 1048576K
}
Event: 4714.267 GC heap after
{Heap after GC invocations=307 (full 186):
 garbage-first heap   total 277504K, used 84812K [0x00000000c0000000, 0x0000000100000000)
  region size 1024K, 0 young (0K), 0 survivors (0K)
 Metaspace       used 70825K, committed 71360K, reserved 1114112K
  class space    used 9677K, committed 9920K, reserved 1048576K
}
Event: 4724.360 GC heap before
{Heap before GC invocations=307 (full 186):
 garbage-first heap   total 277504K, used 84812K [0x00000000c0000000, 0x0000000100000000)
  region size 1024K, 1 young (1024K), 0 survivors (0K)
 Metaspace       used 70825K, committed 71360K, reserved 1114112K
  class space    used 9677K, committed 9920K, reserved 1048576K
}
Event: 4724.419 GC heap after
{Heap after GC invocations=308 (full 187):
 garbage-first heap   total 277504K, used 84812K [0x00000000c0000000, 0x0000000100000000)
  region size 1024K, 0 young (0K), 0 survivors (0K)
 Metaspace       used 70825K, committed 71360K, reserved 1114112K
  class space    used 9677K, committed 9920K, reserved 1048576K
}
Event: 4734.538 GC heap before
{Heap before GC invocations=308 (full 187):
 garbage-first heap   total 277504K, used 84812K [0x00000000c0000000, 0x0000000100000000)
  region size 1024K, 1 young (1024K), 0 survivors (0K)
 Metaspace       used 70825K, committed 71360K, reserved 1114112K
  class space    used 9677K, committed 9920K, reserved 1048576K
}
Event: 4734.620 GC heap after
{Heap after GC invocations=309 (full 188):
 garbage-first heap   total 277504K, used 84812K [0x00000000c0000000, 0x0000000100000000)
  region size 1024K, 0 young (0K), 0 survivors (0K)
 Metaspace       used 70825K, committed 71360K, reserved 1114112K
  class space    used 9677K, committed 9920K, reserved 1048576K
}
Event: 4744.710 GC heap before
{Heap before GC invocations=309 (full 188):
 garbage-first heap   total 277504K, used 84812K [0x00000000c0000000, 0x0000000100000000)
  region size 1024K, 1 young (1024K), 0 survivors (0K)
 Metaspace       used 70825K, committed 71360K, reserved 1114112K
  class space    used 9677K, committed 9920K, reserved 1048576K
}
Event: 4744.770 GC heap after
{Heap after GC invocations=310 (full 189):
 garbage-first heap   total 277504K, used 84812K [0x00000000c0000000, 0x0000000100000000)
  region size 1024K, 0 young (0K), 0 survivors (0K)
 Metaspace       used 70825K, committed 71360K, reserved 1114112K
  class space    used 9677K, committed 9920K, reserved 1048576K
}
Event: 4754.861 GC heap before
{Heap before GC invocations=310 (full 189):
 garbage-first heap   total 277504K, used 84812K [0x00000000c0000000, 0x0000000100000000)
  region size 1024K, 1 young (1024K), 0 survivors (0K)
 Metaspace       used 70825K, committed 71360K, reserved 1114112K
  class space    used 9677K, committed 9920K, reserved 1048576K
}
Event: 4754.917 GC heap after
{Heap after GC invocations=311 (full 190):
 garbage-first heap   total 277504K, used 84812K [0x00000000c0000000, 0x0000000100000000)
  region size 1024K, 0 young (0K), 0 survivors (0K)
 Metaspace       used 70825K, committed 71360K, reserved 1114112K
  class space    used 9677K, committed 9920K, reserved 1048576K
}
Event: 4765.014 GC heap before
{Heap before GC invocations=311 (full 190):
 garbage-first heap   total 277504K, used 84812K [0x00000000c0000000, 0x0000000100000000)
  region size 1024K, 1 young (1024K), 0 survivors (0K)
 Metaspace       used 70825K, committed 71360K, reserved 1114112K
  class space    used 9677K, committed 9920K, reserved 1048576K
}
Event: 4765.071 GC heap after
{Heap after GC invocations=312 (full 191):
 garbage-first heap   total 277504K, used 84812K [0x00000000c0000000, 0x0000000100000000)
  region size 1024K, 0 young (0K), 0 survivors (0K)
 Metaspace       used 70825K, committed 71360K, reserved 1114112K
  class space    used 9677K, committed 9920K, reserved 1048576K
}
Event: 4775.156 GC heap before
{Heap before GC invocations=312 (full 191):
 garbage-first heap   total 277504K, used 84812K [0x00000000c0000000, 0x0000000100000000)
  region size 1024K, 1 young (1024K), 0 survivors (0K)
 Metaspace       used 70825K, committed 71360K, reserved 1114112K
  class space    used 9677K, committed 9920K, reserved 1048576K
}
Event: 4775.213 GC heap after
{Heap after GC invocations=313 (full 192):
 garbage-first heap   total 277504K, used 84812K [0x00000000c0000000, 0x0000000100000000)
  region size 1024K, 0 young (0K), 0 survivors (0K)
 Metaspace       used 70825K, committed 71360K, reserved 1114112K
  class space    used 9677K, committed 9920K, reserved 1048576K
}
Event: 4785.326 GC heap before
{Heap before GC invocations=313 (full 192):
 garbage-first heap   total 277504K, used 84812K [0x00000000c0000000, 0x0000000100000000)
  region size 1024K, 1 young (1024K), 0 survivors (0K)
 Metaspace       used 70825K, committed 71360K, reserved 1114112K
  class space    used 9677K, committed 9920K, reserved 1048576K
}
Event: 4785.386 GC heap after
{Heap after GC invocations=314 (full 193):
 garbage-first heap   total 277504K, used 84812K [0x00000000c0000000, 0x0000000100000000)
  region size 1024K, 0 young (0K), 0 survivors (0K)
 Metaspace       used 70825K, committed 71360K, reserved 1114112K
  class space    used 9677K, committed 9920K, reserved 1048576K
}

