# JRE version: OpenJDK Runtime Environment Temurin-17.0.6+10 (17.0.6+10) (build 17.0.6+10)
# Java VM: OpenJDK 64-Bit Server VM Temurin-17.0.6+10 (17.0.6+10, mixed mode, emulated-client, tiered, compressed oops, compressed class ptrs, g1 gc, windows-amd64)
GC Precious Log:
 CPUs: 8 total, 8 available
 Memory: 12119M
 Large Page Support: Disabled
 NUMA Support: Disabled
 Compressed Oops: Enabled (32-bit)
 Heap Region Size: 1M
 Heap Min Capacity: 8M
 Heap Initial Capacity: 190M
 Heap Max Capacity: 1G
 Pre-touch: Disabled
 Parallel Workers: 8
 Concurrent Workers: 2
 Concurrent Refinement Workers: 8
 Periodic GC: Disabled
Heap:
 garbage-first heap   total 219136K, used 64031K [0x00000000c0000000, 0x0000000100000000)
  region size 1024K, 1 young (1024K), 0 survivors (0K)
 Metaspace       used 70648K, committed 71360K, reserved 1114112K
  class space    used 9652K, committed 9920K, reserved 1048576K
GC Heap History (20 events):
Event: 19.328 GC heap before
{Heap before GC invocations=43 (full 0):
 garbage-first heap   total 599040K, used 285695K [0x00000000c0000000, 0x0000000100000000)
  region size 1024K, 29 young (29696K), 4 survivors (4096K)
 Metaspace       used 69415K, committed 69952K, reserved 1114112K
  class space    used 9487K, committed 9728K, reserved 1048576K
}
Event: 19.347 GC heap after
{Heap after GC invocations=44 (full 0):
 garbage-first heap   total 599040K, used 224255K [0x00000000c0000000, 0x0000000100000000)
  region size 1024K, 4 young (4096K), 4 survivors (4096K)
 Metaspace       used 69415K, committed 69952K, reserved 1114112K
  class space    used 9487K, committed 9728K, reserved 1048576K
}
Event: 77.824 GC heap before
{Heap before GC invocations=44 (full 0):
 garbage-first heap   total 599040K, used 336895K [0x00000000c0000000, 0x0000000100000000)
  region size 1024K, 112 young (114688K), 4 survivors (4096K)
 Metaspace       used 70442K, committed 71040K, reserved 1114112K
  class space    used 9625K, committed 9920K, reserved 1048576K
}
Event: 77.903 GC heap after
{Heap after GC invocations=45 (full 1):
 garbage-first heap   total 266240K, used 74954K [0x00000000c0000000, 0x0000000100000000)
  region size 1024K, 0 young (0K), 0 survivors (0K)
 Metaspace       used 70438K, committed 71040K, reserved 1114112K
  class space    used 9624K, committed 9920K, reserved 1048576K
}
Event: 88.087 GC heap before
{Heap before GC invocations=45 (full 1):
 garbage-first heap   total 266240K, used 75978K [0x00000000c0000000, 0x0000000100000000)
  region size 1024K, 2 young (2048K), 0 survivors (0K)
 Metaspace       used 70442K, committed 71040K, reserved 1114112K
  class space    used 9625K, committed 9920K, reserved 1048576K
}
Event: 88.166 GC heap after
{Heap after GC invocations=46 (full 2):
 garbage-first heap   total 242688K, used 68547K [0x00000000c0000000, 0x0000000100000000)
  region size 1024K, 0 young (0K), 0 survivors (0K)
 Metaspace       used 70442K, committed 71040K, reserved 1114112K
  class space    used 9625K, committed 9920K, reserved 1048576K
}
Event: 98.320 GC heap before
{Heap before GC invocations=46 (full 2):
 garbage-first heap   total 242688K, used 68547K [0x00000000c0000000, 0x0000000100000000)
  region size 1024K, 1 young (1024K), 0 survivors (0K)
 Metaspace       used 70442K, committed 71040K, reserved 1114112K
  class space    used 9625K, committed 9920K, reserved 1048576K
}
Event: 98.385 GC heap after
{Heap after GC invocations=47 (full 3):
 garbage-first heap   total 242688K, used 68547K [0x00000000c0000000, 0x0000000100000000)
  region size 1024K, 0 young (0K), 0 survivors (0K)
 Metaspace       used 70442K, committed 71040K, reserved 1114112K
  class space    used 9625K, committed 9920K, reserved 1048576K
}
Event: 108.505 GC heap before
{Heap before GC invocations=47 (full 3):
 garbage-first heap   total 242688K, used 68547K [0x00000000c0000000, 0x0000000100000000)
  region size 1024K, 1 young (1024K), 0 survivors (0K)
 Metaspace       used 70442K, committed 71040K, reserved 1114112K
  class space    used 9625K, committed 9920K, reserved 1048576K
}
Event: 108.558 GC heap after
{Heap after GC invocations=48 (full 4):
 garbage-first heap   total 235520K, used 68547K [0x00000000c0000000, 0x0000000100000000)
  region size 1024K, 0 young (0K), 0 survivors (0K)
 Metaspace       used 70442K, committed 71040K, reserved 1114112K
  class space    used 9625K, committed 9920K, reserved 1048576K
}
Event: 118.746 GC heap before
{Heap before GC invocations=48 (full 4):
 garbage-first heap   total 235520K, used 68547K [0x00000000c0000000, 0x0000000100000000)
  region size 1024K, 1 young (1024K), 0 survivors (0K)
 Metaspace       used 70442K, committed 71040K, reserved 1114112K
  class space    used 9625K, committed 9920K, reserved 1048576K
}
Event: 118.802 GC heap after
{Heap after GC invocations=49 (full 5):
 garbage-first heap   total 235520K, used 68547K [0x00000000c0000000, 0x0000000100000000)
  region size 1024K, 0 young (0K), 0 survivors (0K)
 Metaspace       used 70442K, committed 71040K, reserved 1114112K
  class space    used 9625K, committed 9920K, reserved 1048576K
}
Event: 159.427 GC heap before
{Heap before GC invocations=49 (full 5):
 garbage-first heap   total 235520K, used 167875K [0x00000000c0000000, 0x0000000100000000)
  region size 1024K, 98 young (100352K), 0 survivors (0K)
 Metaspace       used 70872K, committed 71360K, reserved 1114112K
  class space    used 9701K, committed 9920K, reserved 1048576K
}
Event: 159.429 GC heap after
{Heap after GC invocations=50 (full 5):
 garbage-first heap   total 235520K, used 70705K [0x00000000c0000000, 0x0000000100000000)
  region size 1024K, 3 young (3072K), 3 survivors (3072K)
 Metaspace       used 70872K, committed 71360K, reserved 1114112K
  class space    used 9701K, committed 9920K, reserved 1048576K
}
Event: 219.040 GC heap before
{Heap before GC invocations=50 (full 5):
 garbage-first heap   total 235520K, used 80945K [0x00000000c0000000, 0x0000000100000000)
  region size 1024K, 14 young (14336K), 3 survivors (3072K)
 Metaspace       used 70880K, committed 71360K, reserved 1114112K
  class space    used 9703K, committed 9920K, reserved 1048576K
}
Event: 219.086 GC heap after
{Heap after GC invocations=51 (full 6):
 garbage-first heap   total 235520K, used 69199K [0x00000000c0000000, 0x0000000100000000)
  region size 1024K, 0 young (0K), 0 survivors (0K)
 Metaspace       used 70880K, committed 71360K, reserved 1114112K
  class space    used 9703K, committed 9920K, reserved 1048576K
}
Event: 259.211 GC heap before
{Heap before GC invocations=51 (full 6):
 garbage-first heap   total 235520K, used 72271K [0x00000000c0000000, 0x0000000100000000)
  region size 1024K, 4 young (4096K), 0 survivors (0K)
 Metaspace       used 70880K, committed 71360K, reserved 1114112K
  class space    used 9703K, committed 9920K, reserved 1048576K
}
Event: 259.261 GC heap after
{Heap after GC invocations=52 (full 7):
 garbage-first heap   total 219136K, used 64022K [0x00000000c0000000, 0x0000000100000000)
  region size 1024K, 0 young (0K), 0 survivors (0K)
 Metaspace       used 70648K, committed 71360K, reserved 1114112K
  class space    used 9652K, committed 9920K, reserved 1048576K
}
Event: 269.355 GC heap before
{Heap before GC invocations=52 (full 7):
 garbage-first heap   total 219136K, used 64022K [0x00000000c0000000, 0x0000000100000000)
  region size 1024K, 1 young (1024K), 0 survivors (0K)
 Metaspace       used 70648K, committed 71360K, reserved 1114112K
  class space    used 9652K, committed 9920K, reserved 1048576K
}
Event: 269.396 GC heap after
{Heap after GC invocations=53 (full 8):
 garbage-first heap   total 219136K, used 64031K [0x00000000c0000000, 0x0000000100000000)
  region size 1024K, 0 young (0K), 0 survivors (0K)
 Metaspace       used 70648K, committed 71360K, reserved 1114112K
  class space    used 9652K, committed 9920K, reserved 1048576K
}

